<?xml version="1.0" encoding="UTF-8"?>
<!-- Generated by org.testng.reporters.JUnitXMLReporter -->
<testsuite hostname="User" ignored="0" name="Default test" tests="4" failures="0" timestamp="08 Jan 2020 20:11:12 GMT" time="91.126" errors="0">
  <testcase name="checkActivateDebitCardLink" time="1.47" classname="com.qa.test.SupportCenterTest"/>
  <testcase name="checkMakeADepositLink" time="1.057" classname="com.qa.test.SupportCenterTest"/>
  <testcase name="checkActivateCreditCardLink" time="0.954" classname="com.qa.test.SupportCenterTest"/>
  <testcase name="checkMakeCreditCardPayment" time="1.341" classname="com.qa.test.SupportCenterTest"/>
</testsuite> <!-- Default test -->
