<?xml version="1.0" encoding="UTF-8"?>
<!-- Generated by org.testng.reporters.JUnitXMLReporter -->
<testsuite hostname="User" ignored="0" name="Test" tests="2" failures="1" timestamp="08 Jan 2020 20:41:40 GMT" time="54.74" errors="0">
  <testcase name="findMember" time="6.272" classname="com.qa.test.EnrollmentPageTest">
    <failure type="java.lang.AssertionError" message="expected [true] but found [false]">
      <![CDATA[java.lang.AssertionError: expected [true] but found [false]
at com.qa.test.EnrollmentPageTest.findMember(EnrollmentPageTest.java:40)
... Removed 29 stack frames]]>
    </failure>
  </testcase> <!-- findMember -->
  <testcase name="OpenThreeSixtyCheckingAccount" time="14.905" classname="com.qa.test.ThreeSixtyCheckingPageTest"/>
</testsuite> <!-- Test -->
